app/build/intermediates/manifest_merge_blame_file/debug/processDebugMainManifest/manifest-merger-blame-debug-report.txt
1<?xml version="1.0" encoding="utf-8"?>
2<manifest xmlns:android="http://schemas.android.com/apk/res/android"
3    package="com.animia.mvp"
4    android:versionCode="1"
5    android:versionName="0.1.0" >
6
7    <uses-sdk
8        android:minSdkVersion="26"
9        android:targetSdkVersion="35" />
10
11    <uses-permission android:name="android.permission.INTERNET" />
11-->src\main\AndroidManifest.xml:5:5-67
11-->src\main\AndroidManifest.xml:5:22-64
12    <uses-permission android:name="android.permission.CAMERA" />
12-->src\main\AndroidManifest.xml:6:5-65
12-->src\main\AndroidManifest.xml:6:22-62
13    <uses-permission android:name="android.permission.RECORD_AUDIO" />
13-->src\main\AndroidManifest.xml:7:5-71
13-->src\main\AndroidManifest.xml:7:22-68
14
15    <uses-feature
15-->src\main\AndroidManifest.xml:9:5-11:36
16        android:name="android.hardware.camera"
16-->src\main\AndroidManifest.xml:10:9-47
17        android:required="false" />
17-->src\main\AndroidManifest.xml:11:9-33
18    <uses-feature
18-->src\main\AndroidManifest.xml:12:5-14:36
19        android:name="android.hardware.microphone"
19-->src\main\AndroidManifest.xml:13:9-51
20        android:required="false" />
20-->src\main\AndroidManifest.xml:14:9-33
21
22    <queries>
22-->src\main\AndroidManifest.xml:16:5-20:15
23        <intent>
23-->src\main\AndroidManifest.xml:17:9-19:18
24            <action android:name="android.speech.RecognitionService" />
24-->src\main\AndroidManifest.xml:18:13-72
24-->src\main\AndroidManifest.xml:18:21-69
25        </intent>
26    </queries>
27
28    <permission
28-->[androidx.core:core:1.13.1] AndroidManifest.xml:22:5-24:47
29        android:name="com.animia.mvp.DYNAMIC_RECEIVER_NOT_EXPORTED_PERMISSION"
29-->[androidx.core:core:1.13.1] AndroidManifest.xml:23:9-81
30        android:protectionLevel="signature" />
30-->[androidx.core:core:1.13.1] AndroidManifest.xml:24:9-44
31
32    <uses-permission android:name="com.animia.mvp.DYNAMIC_RECEIVER_NOT_EXPORTED_PERMISSION" /> <!-- Although the *SdkVersion is captured in gradle build files, this is required for non gradle builds -->
32-->[androidx.core:core:1.13.1] AndroidManifest.xml:26:5-97
32-->[androidx.core:core:1.13.1] AndroidManifest.xml:26:22-94
33    <!-- <uses-sdk android:minSdkVersion="14"/> -->
34    <uses-permission android:name="android.permission.ACCESS_NETWORK_STATE" />
34-->[com.google.android.datatransport:transport-backend-cct:3.1.0] AndroidManifest.xml:25:5-79
34-->[com.google.android.datatransport:transport-backend-cct:3.1.0] AndroidManifest.xml:25:22-76
35
36    <application
36-->src\main\AndroidManifest.xml:22:5-43:19
37        android:allowBackup="true"
37-->src\main\AndroidManifest.xml:23:9-35
38        android:appComponentFactory="androidx.core.app.CoreComponentFactory"
38-->[androidx.core:core:1.13.1] AndroidManifest.xml:28:18-86
39        android:dataExtractionRules="@xml/data_extraction_rules"
39-->src\main\AndroidManifest.xml:24:9-65
40        android:debuggable="true"
41        android:extractNativeLibs="false"
42        android:fullBackupContent="@xml/backup_rules"
42-->src\main\AndroidManifest.xml:25:9-54
43        android:icon="@mipmap/ic_launcher"
43-->src\main\AndroidManifest.xml:26:9-43
44        android:label="@string/app_name"
44-->src\main\AndroidManifest.xml:27:9-41
45        android:roundIcon="@mipmap/ic_launcher_round"
45-->src\main\AndroidManifest.xml:28:9-54
46        android:supportsRtl="true"
46-->src\main\AndroidManifest.xml:29:9-35
47        android:theme="@style/Theme.AnimIA" >
47-->src\main\AndroidManifest.xml:30:9-44
48        <activity
48-->src\main\AndroidManifest.xml:33:9-42:20
49            android:name="com.animia.mvp.MainActivity"
49-->src\main\AndroidManifest.xml:34:13-41
50            android:exported="true"
50-->src\main\AndroidManifest.xml:35:13-36
51            android:label="@string/app_name"
51-->src\main\AndroidManifest.xml:36:13-45
52            android:theme="@style/Theme.AnimIA" >
52-->src\main\AndroidManifest.xml:37:13-48
53            <intent-filter>
53-->src\main\AndroidManifest.xml:38:13-41:29
54                <action android:name="android.intent.action.MAIN" />
54-->src\main\AndroidManifest.xml:39:17-69
54-->src\main\AndroidManifest.xml:39:25-66
55
56                <category android:name="android.intent.category.LAUNCHER" />
56-->src\main\AndroidManifest.xml:40:17-77
56-->src\main\AndroidManifest.xml:40:27-74
57            </intent-filter>
58        </activity>
59
60        <provider
60-->[androidx.emoji2:emoji2:1.3.0] AndroidManifest.xml:24:9-32:20
61            android:name="androidx.startup.InitializationProvider"
61-->[androidx.emoji2:emoji2:1.3.0] AndroidManifest.xml:25:13-67
62            android:authorities="com.animia.mvp.androidx-startup"
62-->[androidx.emoji2:emoji2:1.3.0] AndroidManifest.xml:26:13-68
63            android:exported="false" >
63-->[androidx.emoji2:emoji2:1.3.0] AndroidManifest.xml:27:13-37
64            <meta-data
64-->[androidx.emoji2:emoji2:1.3.0] AndroidManifest.xml:29:13-31:52
65                android:name="androidx.emoji2.text.EmojiCompatInitializer"
65-->[androidx.emoji2:emoji2:1.3.0] AndroidManifest.xml:30:17-75
66                android:value="androidx.startup" />
66-->[androidx.emoji2:emoji2:1.3.0] AndroidManifest.xml:31:17-49
67            <meta-data
67-->[androidx.lifecycle:lifecycle-process:2.8.7] AndroidManifest.xml:29:13-31:52
68                android:name="androidx.lifecycle.ProcessLifecycleInitializer"
68-->[androidx.lifecycle:lifecycle-process:2.8.7] AndroidManifest.xml:30:17-78
69                android:value="androidx.startup" />
69-->[androidx.lifecycle:lifecycle-process:2.8.7] AndroidManifest.xml:31:17-49
70            <meta-data
70-->[androidx.profileinstaller:profileinstaller:1.3.1] AndroidManifest.xml:29:13-31:52
71                android:name="androidx.profileinstaller.ProfileInstallerInitializer"
71-->[androidx.profileinstaller:profileinstaller:1.3.1] AndroidManifest.xml:30:17-85
72                android:value="androidx.startup" />
72-->[androidx.profileinstaller:profileinstaller:1.3.1] AndroidManifest.xml:31:17-49
73        </provider>
74
75        <activity
75-->[androidx.compose.ui:ui-tooling-android:1.7.5] AndroidManifest.xml:23:9-25:39
76            android:name="androidx.compose.ui.tooling.PreviewActivity"
76-->[androidx.compose.ui:ui-tooling-android:1.7.5] AndroidManifest.xml:24:13-71
77            android:exported="true" />
77-->[androidx.compose.ui:ui-tooling-android:1.7.5] AndroidManifest.xml:25:13-36
78
79        <service
79-->[com.google.android.datatransport:transport-backend-cct:3.1.0] AndroidManifest.xml:29:9-35:19
80            android:name="com.google.android.datatransport.runtime.backends.TransportBackendDiscovery"
80-->[com.google.android.datatransport:transport-backend-cct:3.1.0] AndroidManifest.xml:30:13-103
81            android:exported="false" >
81-->[com.google.android.datatransport:transport-backend-cct:3.1.0] AndroidManifest.xml:31:13-37
82            <meta-data
82-->[com.google.android.datatransport:transport-backend-cct:3.1.0] AndroidManifest.xml:32:13-34:39
83                android:name="backend:com.google.android.datatransport.cct.CctBackendFactory"
83-->[com.google.android.datatransport:transport-backend-cct:3.1.0] AndroidManifest.xml:33:17-94
84                android:value="cct" />
84-->[com.google.android.datatransport:transport-backend-cct:3.1.0] AndroidManifest.xml:34:17-36
85        </service>
86        <service
86-->[com.google.android.datatransport:transport-runtime:3.1.0] AndroidManifest.xml:26:9-30:19
87            android:name="com.google.android.datatransport.runtime.scheduling.jobscheduling.JobInfoSchedulerService"
87-->[com.google.android.datatransport:transport-runtime:3.1.0] AndroidManifest.xml:27:13-117
88            android:exported="false"
88-->[com.google.android.datatransport:transport-runtime:3.1.0] AndroidManifest.xml:28:13-37
89            android:permission="android.permission.BIND_JOB_SERVICE" >
89-->[com.google.android.datatransport:transport-runtime:3.1.0] AndroidManifest.xml:29:13-69
90        </service>
91
92        <receiver
92-->[com.google.android.datatransport:transport-runtime:3.1.0] AndroidManifest.xml:32:9-34:40
93            android:name="com.google.android.datatransport.runtime.scheduling.jobscheduling.AlarmManagerSchedulerBroadcastReceiver"
93-->[com.google.android.datatransport:transport-runtime:3.1.0] AndroidManifest.xml:33:13-132
94            android:exported="false" />
94-->[com.google.android.datatransport:transport-runtime:3.1.0] AndroidManifest.xml:34:13-37
95        <receiver
95-->[androidx.profileinstaller:profileinstaller:1.3.1] AndroidManifest.xml:34:9-52:20
96            android:name="androidx.profileinstaller.ProfileInstallReceiver"
96-->[androidx.profileinstaller:profileinstaller:1.3.1] AndroidManifest.xml:35:13-76
97            android:directBootAware="false"
97-->[androidx.profileinstaller:profileinstaller:1.3.1] AndroidManifest.xml:36:13-44
98            android:enabled="true"
98-->[androidx.profileinstaller:profileinstaller:1.3.1] AndroidManifest.xml:37:13-35
99            android:exported="true"
99-->[androidx.profileinstaller:profileinstaller:1.3.1] AndroidManifest.xml:38:13-36
100            android:permission="android.permission.DUMP" >
100-->[androidx.profileinstaller:profileinstaller:1.3.1] AndroidManifest.xml:39:13-57
101            <intent-filter>
101-->[androidx.profileinstaller:profileinstaller:1.3.1] AndroidManifest.xml:40:13-42:29
102                <action android:name="androidx.profileinstaller.action.INSTALL_PROFILE" />
102-->[androidx.profileinstaller:profileinstaller:1.3.1] AndroidManifest.xml:41:17-91
102-->[androidx.profileinstaller:profileinstaller:1.3.1] AndroidManifest.xml:41:25-88
103            </intent-filter>
104            <intent-filter>
104-->[androidx.profileinstaller:profileinstaller:1.3.1] AndroidManifest.xml:43:13-45:29
105                <action android:name="androidx.profileinstaller.action.SKIP_FILE" />
105-->[androidx.profileinstaller:profileinstaller:1.3.1] AndroidManifest.xml:44:17-85
105-->[androidx.profileinstaller:profileinstaller:1.3.1] AndroidManifest.xml:44:25-82
106            </intent-filter>
107            <intent-filter>
107-->[androidx.profileinstaller:profileinstaller:1.3.1] AndroidManifest.xml:46:13-48:29
108                <action android:name="androidx.profileinstaller.action.SAVE_PROFILE" />
108-->[androidx.profileinstaller:profileinstaller:1.3.1] AndroidManifest.xml:47:17-88
108-->[androidx.profileinstaller:profileinstaller:1.3.1] AndroidManifest.xml:47:25-85
109            </intent-filter>
110            <intent-filter>
110-->[androidx.profileinstaller:profileinstaller:1.3.1] AndroidManifest.xml:49:13-51:29
111                <action android:name="androidx.profileinstaller.action.BENCHMARK_OPERATION" />
111-->[androidx.profileinstaller:profileinstaller:1.3.1] AndroidManifest.xml:50:17-95
111-->[androidx.profileinstaller:profileinstaller:1.3.1] AndroidManifest.xml:50:25-92
112            </intent-filter>
113        </receiver>
114    </application>
115
116</manifest>